[04-Feb-2010 11:22:18] PHP Fatal error:  Call to undefined method RegattaIO::tofile() in /var/www/ts2/score.php on line 234
[12-Feb-2010 23:34:34] PHP Fatal error:  Class 'WelcomePage' not found in /var/www/ts2/index.php on line 18
[12-Feb-2010 23:41:10] PHP Fatal error:  Class 'TScorePage' not found in /var/local/ts2/tscore/WelcomePage.php on line 14
[12-Feb-2010 23:42:34] PHP Fatal error:  Class 'UserHomePage' not found in /var/www/ts2/index.php on line 31
[12-Feb-2010 23:42:59] PHP Fatal error:  Class 'DetailsPane' not found in /var/www/ts2/score.php on line 67
[12-Feb-2010 23:45:14] PHP Fatal error:  Class 'ScorersPane' not found in /var/www/ts2/score.php on line 113
[12-Feb-2010 23:45:40] PHP Fatal error:  Class 'RacesPane' not found in /var/www/ts2/score.php on line 73
[12-Feb-2010 23:46:36] PHP Fatal error:  Class 'TweakSailsPane' not found in /var/www/ts2/score.php on line 92
[12-Feb-2010 23:46:56] PHP Fatal error:  Class 'ManualTweakPane' not found in /var/www/ts2/score.php on line 97
[12-Feb-2010 23:48:12] PHP Fatal error:  Class 'UnregisteredSailorPane' not found in /var/www/ts2/score.php on line 107
[12-Feb-2010 23:48:34] PHP Parse error:  syntax error, unexpected T_STRING in /var/local/ts2/tscore/EnterFinishPane.php on line 10
[12-Feb-2010 23:49:06] PHP Catchable fatal error:  Argument 1 passed to Rotation::getSail() must be an instance of Race, null given, called in /var/local/ts2/tscore/EnterFinishPane.php on line 133 and defined in /var/local/ts2/regatta/Rotation.php on line 50
[22-Feb-2010 21:11:46] PHP Fatal error:  Uncaught exception 'BadFunctionCallException' with message ': select observation.id, observation, observer, race from from observation where race = "4517"' in /var/local/ts2/regatta/Regatta.php:58
Stack trace:
#0 /var/local/ts2/regatta/Regatta.php(873): Regatta->query('select observat...')
#1 /var/local/ts2/regatta/Regatta.php(865): Regatta->getNotes(Object(Race))
#2 /var/local/ts2/tscore/NotesPane.php(62): Regatta->getNotes()
#3 /var/local/ts2/tscore/AbstractPane.php(218): NotesPane->fillHTML(Array)
#4 /var/www/ts2/score.php(270): AbstractPane->getHTML(Array)
#5 {main}
  thrown in /var/local/ts2/regatta/Regatta.php on line 58
[22-Feb-2010 21:30:38] PHP Catchable fatal error:  Argument 2 passed to NotesPane::__construct() must be an instance of Regatta, null given, called in /var/www/ts2/edit.php on line 67 and defined in /var/local/ts2/tscore/NotesPane.php on line 16
[22-Feb-2010 21:42:40] PHP Catchable fatal error:  Argument 1 passed to AbstractPane::announce() must be an instance of Announcement, string given, called in /var/local/ts2/tscore/NotesPane.php on line 136 and defined in /var/local/ts2/tscore/AbstractPane.php on line 230
[22-Feb-2010 21:52:01] PHP Fatal error:  Cannot use object of type Note as array in /var/local/ts2/tscore/NotesPane.php on line 82
[22-Feb-2010 21:56:19] PHP Fatal error:  Call to undefined method Regatta::deleteNote() in /var/local/ts2/tscore/NotesPane.php on line 147
[24-Feb-2010 22:48:50] PHP Parse error:  syntax error, unexpected T_CONSTANT_ENCAPSED_STRING in /var/local/ts2/tscore/TScoreDialog.php on line 24
[24-Feb-2010 22:57:13] PHP Fatal error:  Uncaught exception 'InvalidArgumentException' with message 'Property start_time must be a valid DateTime object.' in /var/local/ts2/regatta/Regatta.php:167
Stack trace:
#0 /var/local/ts2/tscore/DetailsPane.php(177): Regatta->set('start_time', '2009-10-10 10:0...')
#1 /var/www/ts2/edit.php(140): DetailsPane->process(Array)
#2 {main}
  thrown in /var/local/ts2/regatta/Regatta.php on line 167
[24-Feb-2010 22:58:20] PHP Fatal error:  Uncaught exception 'InvalidArgumentException' with message 'Property end_date must be a valid DateTime object.' in /var/local/ts2/regatta/Regatta.php:167
Stack trace:
#0 /var/local/ts2/tscore/DetailsPane.php(188): Regatta->set('end_date', '2009-10-12')
#1 /var/www/ts2/edit.php(140): DetailsPane->process(Array)
#2 {main}
  thrown in /var/local/ts2/regatta/Regatta.php on line 167
[24-Feb-2010 22:59:06] PHP Catchable fatal error:  Argument 2 passed to Rotation::getSail() must be an instance of Team, null given, called in /var/local/ts2/tscore/EnterFinishPane.php on line 129 and defined in /var/local/ts2/regatta/Rotation.php on line 50
[24-Feb-2010 23:02:09] PHP Catchable fatal error:  Argument 2 passed to Rotation::getSail() must be an instance of Team, null given, called in /var/local/ts2/tscore/EnterFinishPane.php on line 130 and defined in /var/local/ts2/regatta/Rotation.php on line 50
[24-Feb-2010 23:06:44] PHP Warning:  Cannot use a scalar value as an array in /var/local/ts2/regatta/ICSAScorer.php on line 79
[24-Feb-2010 23:06:44] PHP Warning:  Cannot modify header information - headers already sent by (output started at /var/local/ts2/regatta/ICSAScorer.php:79) in /var/www/ts2/edit.php on line 141
[24-Feb-2010 23:08:14] PHP Warning:  Cannot use a scalar value as an array in /var/local/ts2/regatta/ICSAScorer.php on line 79
[24-Feb-2010 23:08:14] PHP Warning:  Cannot modify header information - headers already sent by (output started at /var/local/ts2/regatta/ICSAScorer.php:79) in /var/www/ts2/edit.php on line 141
[24-Feb-2010 23:10:42] PHP Warning:  Cannot use a scalar value as an array in /var/local/ts2/regatta/ICSAScorer.php on line 82
[24-Feb-2010 23:10:42] PHP Warning:  Cannot modify header information - headers already sent by (output started at /var/local/ts2/regatta/ICSAScorer.php:82) in /var/www/ts2/edit.php on line 141
[24-Feb-2010 23:12:31] PHP Warning:  Cannot use a scalar value as an array in /var/local/ts2/regatta/ICSAScorer.php on line 82
[24-Feb-2010 23:12:31] PHP Warning:  Cannot modify header information - headers already sent by (output started at /var/local/ts2/regatta/ICSAScorer.php:82) in /var/www/ts2/edit.php on line 141
[24-Feb-2010 23:18:25] PHP Warning:  array_push() [<a href='function.array-push'>function.array-push</a>]: First argument should be an array in /var/local/ts2/regatta/ICSAScorer.php on line 82
[24-Feb-2010 23:18:25] PHP Warning:  Cannot modify header information - headers already sent by (output started at /var/local/ts2/regatta/ICSAScorer.php:82) in /var/www/ts2/edit.php on line 141
[24-Feb-2010 23:21:05] PHP Warning:  array_push() [<a href='function.array-push'>function.array-push</a>]: First argument should be an array in /var/local/ts2/regatta/ICSAScorer.php on line 83
[24-Feb-2010 23:21:05] PHP Warning:  Cannot modify header information - headers already sent by (output started at /var/local/ts2/regatta/ICSAScorer.php:82) in /var/www/ts2/edit.php on line 141
[24-Feb-2010 23:40:47] PHP Warning:  array_push() [<a href='function.array-push'>function.array-push</a>]: First argument should be an array in /var/local/ts2/regatta/ICSAScorer.php on line 84
[24-Feb-2010 23:40:47] PHP Warning:  Cannot modify header information - headers already sent by (output started at /var/local/ts2/regatta/ICSAScorer.php:82) in /var/www/ts2/edit.php on line 141
[03-Mar-2010 23:06:28] PHP Fatal error:  Uncaught exception 'BadFunctionCallException' with message ': select account.first_name, account.last_name, 
                  account.username, account.role,
                  is_admin as admin,
                  school.id, school.nick_name, school.name, school.conference,
                  school.city, school.state, school.burgee from account inner join school on (account.school = school.id)
                  left join admin using (username) where username = "paez@mit.edu"' in /var/local/ts2/regatta/User.php:86
Stack trace:
#0 /var/local/ts2/regatta/User.php(49): User->query('select account....')
#1 /var/local/ts2/regatta/Preferences.php(347): User->__construct('paez@mit.edu')
#2 /var/www/ts2/login.php(40): Preferences::approveUser('paez@mit.edu', 'sailor1')
#3 {main}
  thrown in /var/local/ts2/regatta/User.php on line 86
[05-Mar-2010 19:40:24] PHP Parse error:  syntax error, unexpected ';' in /var/local/ts2/tscore/UserHomePage.php on line 177
[05-Mar-2010 19:40:28] PHP Fatal error:  Call to a member function format() on a non-object in /var/local/ts2/tscore/UserHomePage.php on line 177
[05-Mar-2010 20:28:02] PHP Fatal error:  Class 'AdminPreferencesPage' not found in /var/www/ts2/prefs.php on line 48
[05-Mar-2010 20:28:12] PHP Fatal error:  Class 'PrefsHomePage' not found in /var/www/ts2/prefs.php on line 58
[05-Mar-2010 20:28:37] PHP Fatal error:  Cannot access private property User::$username in /var/local/ts2/prefs/AbstractPrefsPane.php on line 148
[05-Mar-2010 21:35:00] PHP Parse error:  syntax error, unexpected '}' in /var/www/ts2/prefs-edit.php on line 35
[05-Mar-2010 21:35:23] PHP Fatal error:  Call to undefined method Div::addContent() in /var/local/ts2/prefs/AbstractPrefsPane.php on line 185
[05-Mar-2010 21:55:16] PHP Parse error:  syntax error, unexpected T_EXIT in /var/www/ts2/prefs-edit.php on line 41
[05-Mar-2010 22:33:09] PHP Fatal error:  Uncaught exception 'BadFunctionCallException' with message ':select id, icsa_id, last_name, first_name, year, role from sailor where school = "MIT" and role = "student" and registered = 0 order by last_name' in /var/local/ts2/regatta/RpManager.php:142
Stack trace:
#0 /var/local/ts2/regatta/RpManager.php(200): RpManager::query('select id, icsa...')
#1 /var/local/ts2/prefs/SailorMergePane.php(47): RpManager::getUnregisteredSailors(Object(School))
#2 /var/local/ts2/prefs/AbstractPrefsPane.php(181): SailorMergePane->fillHTML()
#3 /var/www/ts2/prefs.php(96): AbstractPrefsPane->getHTML()
#4 {main}
  thrown in /var/local/ts2/regatta/RpManager.php on line 142
[06-Mar-2010 09:06:04] PHP Fatal error:  Call to undefined method Table::addBody() in /var/local/ts2/prefs/PrefsHomePane.php on line 43
[06-Mar-2010 09:06:29] PHP Fatal error:  Uncaught exception 'InvalidArgumentException' with message 'Argument is not a Cell object' in /var/local/ts2/xml/XmlLibrary.php:295
Stack trace:
#0 /var/local/ts2/prefs/PrefsHomePane.php(47): Row->addCell(Object(Itemize))
#1 /var/local/ts2/prefs/AbstractPrefsPane.php(181): PrefsHomePane->fillHTML()
#2 /var/www/ts2/prefs.php(96): AbstractPrefsPane->getHTML()
#3 {main}
  thrown in /var/local/ts2/xml/XmlLibrary.php on line 295
[06-Mar-2010 11:33:08] PHP Catchable fatal error:  Argument 1 passed to Regatta::getUnscoredRaces() must be an instance of Division, string given, called in /var/local/ts2/regatta/Utilities.php on line 107 and defined in /var/local/ts2/regatta/Regatta.php on line 363
[06-Mar-2010 11:35:06] PHP Catchable fatal error:  Argument 1 passed to Regatta::getUnscoredRaces() must be an instance of Division, string given, called in /var/local/ts2/regatta/Utilities.php on line 107 and defined in /var/local/ts2/regatta/Regatta.php on line 363
[06-Mar-2010 11:48:15] PHP Catchable fatal error:  Argument 1 passed to Rotation::getSail() must be an instance of Race, null given, called in /var/local/ts2/tscore/EnterFinishPane.php on line 146 and defined in /var/local/ts2/regatta/Rotation.php on line 50
[06-Mar-2010 13:09:52] PHP Warning:  Cannot modify header information - headers already sent by (output started at /var/local/ts2/tscore/EnterFinishPane.php:457) in /var/www/ts2/edit.php on line 141
[07-Mar-2010 17:32:05] PHP Catchable fatal error:  Argument 1 passed to Regatta::getUnscoredRaces() must be an instance of Division, string given, called in /var/local/ts2/regatta/Utilities.php on line 107 and defined in /var/local/ts2/regatta/Regatta.php on line 383
[07-Mar-2010 17:36:42] PHP Catchable fatal error:  Argument 1 passed to Regatta::getUnscoredRaces() must be an instance of Division, string given, called in /var/local/ts2/regatta/Utilities.php on line 107 and defined in /var/local/ts2/regatta/Regatta.php on line 383
[07-Mar-2010 20:05:49] PHP Warning:  array_multisort() [<a href='function.array-multisort'>function.array-multisort</a>]: Array sizes are inconsistent in /var/local/ts2/tscore/SailsPane.php on line 351
[07-Mar-2010 20:05:49] PHP Warning:  Cannot modify header information - headers already sent by (output started at /var/local/ts2/tscore/SailsPane.php:351) in /var/www/ts2/edit.php on line 141
[07-Mar-2010 20:29:40] PHP Fatal error:  Allowed memory size of 16777216 bytes exhausted (tried to allocate 153 bytes) in /var/local/ts2/regatta/Regatta.php on line 274
[17-Mar-2010 21:35:45] PHP Fatal error:  Cannot redeclare Rotation::createSwap() in /var/local/ts2/regatta/Rotation.php on line 482
[19-Mar-2010 22:18:17] PHP Fatal error:  Uncaught exception 'BadFunctionCallException' with message ': select account.first_name, account.last_name, 
                  account.username, account.role,
                  is_admin as admin,
                  school.id, school.nick_name, school.name, school.conference,
                  school.city, school.state, school.burgee from account inner join school on (account.school = school.id)
                  left join admin using (username) inner join host on    (host.account = account.username) inner join regatta on (host.regatta = regatta.id) where regatta = "115"' in /var/local/ts2/regatta/Regatta.php:72
Stack trace:
#0 /var/local/ts2/regatta/Regatta.php(788): Regatta->query('select account....')
#1 /var/local/ts2/tscore/ScorersPane.php(26): Regatta->getScorers()
#2 /var/local/ts2/tscore/AbstractPane.php(219): ScorersPane->fillHTML(Array)
#3 /var/www/ts2/score.php(280): AbstractPane->getHTML(Array)
#4 {main}
  thrown in /var/local/ts2/regatta/Regatta.php on line 72
[19-Mar-2010 22:18:27] PHP Fatal error:  Uncaught exception 'BadFunctionCallException' with message 'Property (handicap) not valid for Finish.' in /var/local/ts2/regatta/Finish.php:76
Stack trace:
#0 [internal function]: Finish->__set('handicap', NULL)
#1 /var/local/ts2/regatta/Regatta.php(574): mysqli_result->fetch_object('Finish')
#2 /var/local/ts2/tscore/RacesPane.php(65): Regatta->getFinishesInDivision(Object(Division))
#3 /var/local/ts2/tscore/AbstractPane.php(219): RacesPane->fillHTML(Array)
#4 /var/www/ts2/score.php(280): AbstractPane->getHTML(Array)
#5 {main}
  thrown in /var/local/ts2/regatta/Finish.php on line 76
[23-Mar-2010 19:00:26] PHP Fatal error:  Uncaught exception 'BadFunctionCallException' with message ': select account.first_name, account.last_name, 
                  account.username, account.role,
                  is_admin as admin,
                  school.id, school.nick_name, school.name, school.conference,
                  school.city, school.state, school.burgee from account inner join school on (account.school = school.id)
                  left join admin using (username) inner join host on    (host.account = account.username) inner join regatta on (host.regatta = regatta.id) where regatta = "115"' in /var/local/ts2/regatta/Regatta.php:72
Stack trace:
#0 /var/local/ts2/regatta/Regatta.php(788): Regatta->query('select account....')
#1 /var/local/ts2/tscore/ScorersPane.php(26): Regatta->getScorers()
#2 /var/local/ts2/tscore/AbstractPane.php(219): ScorersPane->fillHTML(Array)
#3 /var/www/ts2/score.php(280): AbstractPane->getHTML(Array)
#4 {main}
  thrown in /var/local/ts2/regatta/Regatta.php on line 72
[23-Mar-2010 19:03:52] PHP Catchable fatal error:  Argument 1 passed to Preferences::getUsersFromConference() must be an instance of Conference, string given, called in /var/local/ts2/tscore/ScorersPane.php on line 79 and defined in /var/local/ts2/regatta/Preferences.php on line 111
[23-Mar-2010 19:04:29] PHP Catchable fatal error:  Argument 1 passed to Preferences::getUsersFromConference() must be an instance of Conference, string given, called in /var/local/ts2/tscore/ScorersPane.php on line 79 and defined in /var/local/ts2/regatta/Preferences.php on line 111
[23-Mar-2010 19:04:33] PHP Catchable fatal error:  Argument 1 passed to Preferences::getUsersFromConference() must be an instance of Conference, string given, called in /var/local/ts2/tscore/ScorersPane.php on line 79 and defined in /var/local/ts2/regatta/Preferences.php on line 111
[23-Mar-2010 19:07:14] PHP Fatal error:  Uncaught exception 'BadFunctionCallException' with message 'Property (handicap) not valid for Finish.' in /var/local/ts2/regatta/Finish.php:76
Stack trace:
#0 [internal function]: Finish->__set('handicap', NULL)
#1 /var/local/ts2/regatta/Regatta.php(574): mysqli_result->fetch_object('Finish')
#2 /var/local/ts2/tscore/RacesPane.php(65): Regatta->getFinishesInDivision(Object(Division))
#3 /var/local/ts2/tscore/AbstractPane.php(219): RacesPane->fillHTML(Array)
#4 /var/www/ts2/score.php(280): AbstractPane->getHTML(Array)
#5 {main}
  thrown in /var/local/ts2/regatta/Finish.php on line 76
[23-Mar-2010 22:26:41] PHP Fatal error:  Uncaught exception 'BadFunctionCallException' with message ': select regatta.id, regatta.name, regatta.start_time, regatta.end_date, regatta.venue, regatta.type, regatta.finalized, regatta.scoring, regatta.comments from regatta where regatta.id = "115"' in /var/local/ts2/regatta/Regatta.php:72
Stack trace:
#0 /var/local/ts2/regatta/Regatta.php(97): Regatta->query('select regatta....')
#1 /var/www/ts2/score.php(40): Regatta->__construct(115)
#2 {main}
  thrown in /var/local/ts2/regatta/Regatta.php on line 72
[23-Mar-2010 22:27:46] PHP Fatal error:  Undefined class constant 'COMMENTS' in /var/local/ts2/tscore/DetailsPane.php on line 104
[30-Mar-2010 19:27:21] PHP Warning:  implode() [<a href='function.implode'>function.implode</a>]: Bad arguments. in /var/local/ts2/tscore/SailsPane.php on line 370
[30-Mar-2010 19:27:21] PHP Warning:  Cannot modify header information - headers already sent by (output started at /var/local/ts2/tscore/SailsPane.php:370) in /var/www/ts2/edit.php on line 149
[30-Mar-2010 19:30:31] PHP Catchable fatal error:  Argument 4 passed to Rotation::createStandard() must be an array, integer given, called in /var/local/ts2/tscore/SailsPane.php on line 406 and defined in /var/local/ts2/regatta/Rotation.php on line 214
[30-Mar-2010 19:31:39] PHP Catchable fatal error:  Argument 4 passed to Rotation::createStandard() must be an array, integer given, called in /var/local/ts2/tscore/SailsPane.php on line 406 and defined in /var/local/ts2/regatta/Rotation.php on line 214
[30-Mar-2010 21:17:27] PHP Fatal error:  Uncaught exception 'InvalidArgumentException' with message 'In combined scoring, the list of divisions must be of the same size as the list of teams.' in /var/local/ts2/regatta/Rotation.php:258
Stack trace:
#0 /var/local/ts2/tscore/SailsPane.php(408): Rotation->createStandard(Array, Array, Array, Array, 2)
#1 /var/local/ts2/tscore/SailsPane.php(439): SailsPane->processCombined(Array)
#2 /var/www/ts2/edit.php(148): SailsPane->process(Array)
#3 {main}
  thrown in /var/local/ts2/regatta/Rotation.php on line 258
[30-Mar-2010 21:26:41] PHP Fatal error:  Uncaught exception 'BadFunctionCallException' with message ': replace into rotation values ("4521", "", "El Camino College El Camino")' in /var/local/ts2/regatta/Regatta.php:71
Stack trace:
#0 /var/local/ts2/regatta/Rotation.php(168): Regatta->query('replace into ro...')
#1 /var/local/ts2/regatta/Rotation.php(272): Rotation->setSail(Object(Sail))
#2 /var/local/ts2/tscore/SailsPane.php(393): Rotation->createStandard(Array, Array, Array, Array, 2)
#3 /var/local/ts2/tscore/SailsPane.php(424): SailsPane->processCombined(Array)
#4 /var/www/ts2/edit.php(148): SailsPane->process(Array)
#5 {main}
  thrown in /var/local/ts2/regatta/Regatta.php on line 71
[30-Mar-2010 21:56:45] PHP Warning:  implode() [<a href='function.implode'>function.implode</a>]: Bad arguments. in /var/local/ts2/tscore/SailsPane.php on line 561
[30-Mar-2010 21:56:45] PHP Warning:  Cannot modify header information - headers already sent by (output started at /var/local/ts2/tscore/SailsPane.php:561) in /var/www/ts2/edit.php on line 149
[31-Mar-2010 20:30:23] PHP Parse error:  syntax error, unexpected T_VARIABLE, expecting ')' in /var/local/ts2/tscore/AbstractPane.php on line 51
[31-Mar-2010 20:30:38] PHP Catchable fatal error:  Argument 1 passed to DetailsPane::__construct() must be an instance of User, none given, called in /var/local/ts2/tscore/AbstractPane.php on line 44 and defined in /var/local/ts2/tscore/DetailsPane.php on line 21
[31-Mar-2010 20:47:54] PHP Warning:  dir(/var/local/ts2) [<a href='function.dir'>function.dir</a>]: failed to open dir: No such file or directory in /etc/techscore/constants.php on line 48
[31-Mar-2010 20:47:54] PHP Fatal error:  Call to a member function read() on a non-object in /etc/techscore/constants.php on line 49
[31-Mar-2010 21:00:06] PHP Warning:  dir(/var/local/ts2) [<a href='function.dir'>function.dir</a>]: failed to open dir: No such file or directory in /home/dayan/techscore/lib/conf.php on line 48
[31-Mar-2010 21:00:06] PHP Fatal error:  Call to a member function read() on a non-object in /home/dayan/techscore/lib/conf.php on line 49
[31-Mar-2010 21:00:47] PHP Fatal error:  Class 'User' not found in /home/dayan/techscore/www/index.php on line 24
[31-Mar-2010 21:01:10] PHP Warning:  require_once(../conf.php) [<a href='function.require-once'>function.require-once</a>]: failed to open stream: No such file or directory in /home/dayan/techscore/lib/regatta/User.php on line 7
[31-Mar-2010 21:01:10] PHP Fatal error:  require_once() [<a href='function.require'>function.require</a>]: Failed opening required '../conf.php' (include_path='.:/usr/share/php:/usr/share/pear') in /home/dayan/techscore/lib/regatta/User.php on line 7
[31-Mar-2010 21:11:44] PHP Warning:  require_once(../conf.php) [<a href='function.require-once'>function.require-once</a>]: failed to open stream: No such file or directory in /home/dayan/techscore/lib/regatta/User.php on line 7
[31-Mar-2010 21:11:44] PHP Fatal error:  require_once() [<a href='function.require'>function.require</a>]: Failed opening required '../conf.php' (include_path='.:/usr/share/php:/usr/share/pear') in /home/dayan/techscore/lib/regatta/User.php on line 7
[31-Mar-2010 21:12:11] PHP Warning:  session_start() [<a href='function.session-start'>function.session-start</a>]: Cannot send session cache limiter - headers already sent (output started at /home/dayan/techscore/lib/conf.php:29) in /home/dayan/techscore/www/index.php on line 11
[31-Mar-2010 21:12:11] PHP Warning:  require_once(../conf.php) [<a href='function.require-once'>function.require-once</a>]: failed to open stream: No such file or directory in /home/dayan/techscore/lib/regatta/User.php on line 7
[31-Mar-2010 21:12:11] PHP Fatal error:  require_once() [<a href='function.require'>function.require</a>]: Failed opening required '../conf.php' (include_path='.:/usr/share/php:/usr/share/pear') in /home/dayan/techscore/lib/regatta/User.php on line 7
[31-Mar-2010 21:12:58] PHP Warning:  require_once(../conf.php) [<a href='function.require-once'>function.require-once</a>]: failed to open stream: No such file or directory in /home/dayan/techscore/lib/regatta/User.php on line 7
[31-Mar-2010 21:12:58] PHP Fatal error:  require_once() [<a href='function.require'>function.require</a>]: Failed opening required '../conf.php' (include_path='.:/usr/share/php:/usr/share/pear') in /home/dayan/techscore/lib/regatta/User.php on line 7
[31-Mar-2010 21:27:53] PHP Warning:  require_once(../conf.php) [<a href='function.require-once'>function.require-once</a>]: failed to open stream: No such file or directory in /home/dayan/techscore/lib/regatta/User.php on line 7
[31-Mar-2010 21:27:53] PHP Fatal error:  require_once() [<a href='function.require'>function.require</a>]: Failed opening required '../conf.php' (include_path='/home/dayan/techscore/lib') in /home/dayan/techscore/lib/regatta/User.php on line 7
[31-Mar-2010 21:28:26] PHP Warning:  require_once(../conf.php) [<a href='function.require-once'>function.require-once</a>]: failed to open stream: No such file or directory in /home/dayan/techscore/lib/regatta/School.php on line 9
[31-Mar-2010 21:28:26] PHP Fatal error:  require_once() [<a href='function.require'>function.require</a>]: Failed opening required '../conf.php' (include_path='/home/dayan/techscore/lib') in /home/dayan/techscore/lib/regatta/School.php on line 9
[31-Mar-2010 21:29:48] PHP Warning:  require_once(../conf.php) [<a href='function.require-once'>function.require-once</a>]: failed to open stream: No such file or directory in /home/dayan/techscore/lib/tscore/UserHomePage.php on line 8
[31-Mar-2010 21:29:48] PHP Fatal error:  require_once() [<a href='function.require'>function.require</a>]: Failed opening required '../conf.php' (include_path='/home/dayan/techscore/lib') in /home/dayan/techscore/lib/tscore/UserHomePage.php on line 8
[31-Mar-2010 21:30:09] PHP Warning:  require_once(../conf.php) [<a href='function.require-once'>function.require-once</a>]: failed to open stream: No such file or directory in /home/dayan/techscore/lib/tscore/UserHomePage.php on line 8
[31-Mar-2010 21:30:09] PHP Fatal error:  require_once() [<a href='function.require'>function.require</a>]: Failed opening required '../conf.php' (include_path='/home/dayan/techscore/lib') in /home/dayan/techscore/lib/tscore/UserHomePage.php on line 8
[31-Mar-2010 22:22:15] PHP Warning:  require_once(conf.php) [<a href='function.require-once'>function.require-once</a>]: failed to open stream: No such file or directory in /home/dayan/techscore/lib/tscore/WelcomePage.php on line 8
[31-Mar-2010 22:22:15] PHP Fatal error:  require_once() [<a href='function.require'>function.require</a>]: Failed opening required 'conf.php' (include_path='.:/usr/share/php:/usr/share/pear') in /home/dayan/techscore/lib/tscore/WelcomePage.php on line 8
[31-Mar-2010 22:23:50] PHP Warning:  file_get_contents(/var/local/ts2/tscore/announcements.html) [<a href='function.file-get-contents'>function.file-get-contents</a>]: failed to open stream: No such file or directory in /home/dayan/techscore/lib/tscore/WelcomePage.php on line 59
[31-Mar-2010 22:24:24] PHP Warning:  file_get_contents(announcements.html) [<a href='function.file-get-contents'>function.file-get-contents</a>]: failed to open stream: No such file or directory in /home/dayan/techscore/lib/tscore/WelcomePage.php on line 59
[31-Mar-2010 22:24:40] PHP Warning:  file_get_contents(./announcements.html) [<a href='function.file-get-contents'>function.file-get-contents</a>]: failed to open stream: No such file or directory in /home/dayan/techscore/lib/tscore/WelcomePage.php on line 59
[31-Mar-2010 23:07:06] PHP Warning:  require_once(conf.php) [<a href='function.require-once'>function.require-once</a>]: failed to open stream: No such file or directory in /home/dayan/techscore/lib/regatta/Preferences.php on line 11
[31-Mar-2010 23:07:06] PHP Fatal error:  require_once() [<a href='function.require'>function.require</a>]: Failed opening required 'conf.php' (include_path='.:/usr/share/php:/usr/share/pear') in /home/dayan/techscore/lib/regatta/Preferences.php on line 11
[07-Apr-2010 22:03:35] PHP Warning:  require_once(../conf.php) [<a href='function.require-once'>function.require-once</a>]: failed to open stream: No such file or directory in /home/dayan/techscore/lib/regatta/Regatta.php on line 10
[07-Apr-2010 22:03:35] PHP Fatal error:  require_once() [<a href='function.require'>function.require</a>]: Failed opening required '../conf.php' (include_path='.:/home/dayan/techscore/lib') in /home/dayan/techscore/lib/regatta/Regatta.php on line 10
[08-Apr-2010 19:26:02] PHP Warning:  require_once(/etc/techscore/constants.php) [<a href='function.require-once'>function.require-once</a>]: failed to open stream: No such file or directory in /home/dayan/techscore/lib/xml/Announcement.php on line 7
[08-Apr-2010 19:26:02] PHP Fatal error:  require_once() [<a href='function.require'>function.require</a>]: Failed opening required '/etc/techscore/constants.php' (include_path='.:/home/dayan/techscore/lib') in /home/dayan/techscore/lib/xml/Announcement.php on line 7
[08-Apr-2010 20:16:09] PHP Warning:  require_once(/etc/techscore/constants.php) [<a href='function.require-once'>function.require-once</a>]: failed to open stream: No such file or directory in /home/dayan/techscore/lib/xml/Announcement.php on line 7
[08-Apr-2010 20:16:09] PHP Fatal error:  require_once() [<a href='function.require'>function.require</a>]: Failed opening required '/etc/techscore/constants.php' (include_path='.:/home/dayan/techscore/lib') in /home/dayan/techscore/lib/xml/Announcement.php on line 7
[08-Apr-2010 20:16:26] PHP Warning:  require_once(/etc/techscore/constants.php) [<a href='function.require-once'>function.require-once</a>]: failed to open stream: No such file or directory in /home/dayan/techscore/lib/xml/Announcement.php on line 7
[08-Apr-2010 20:16:26] PHP Fatal error:  require_once() [<a href='function.require'>function.require</a>]: Failed opening required '/etc/techscore/constants.php' (include_path='.:/home/dayan/techscore/lib') in /home/dayan/techscore/lib/xml/Announcement.php on line 7
[08-Apr-2010 22:46:52] PHP Warning:  require_once(/etc/techscore/constants.php) [<a href='function.require-once'>function.require-once</a>]: failed to open stream: No such file or directory in /home/dayan/techscore/lib/xml/Announcement.php on line 7
[08-Apr-2010 22:46:52] PHP Fatal error:  require_once() [<a href='function.require'>function.require</a>]: Failed opening required '/etc/techscore/constants.php' (include_path='.:/home/dayan/techscore/lib') in /home/dayan/techscore/lib/xml/Announcement.php on line 7
[08-Apr-2010 22:47:36] PHP Warning:  require_once(/etc/techscore/constants.php) [<a href='function.require-once'>function.require-once</a>]: failed to open stream: No such file or directory in /home/dayan/techscore/lib/xml/Announcement.php on line 7
[08-Apr-2010 22:47:36] PHP Fatal error:  require_once() [<a href='function.require'>function.require</a>]: Failed opening required '/etc/techscore/constants.php' (include_path='.:/home/dayan/techscore/lib') in /home/dayan/techscore/lib/xml/Announcement.php on line 7
[09-Apr-2010 21:20:37] PHP Parse error:  syntax error, unexpected '}', expecting T_STRING or T_VARIABLE or '{' or '$' in /home/dayan/techscore/lib/tscore/TScoreDialog.php on line 182
[09-Apr-2010 21:21:07] PHP Fatal error:  Call to undefined method WebPage::toxml() in /home/dayan/techscore/lib/tscore/TScoreDialog.php on line 187
[09-Apr-2010 21:21:14] PHP Fatal error:  Call to undefined method WebPage::toxml() in /home/dayan/techscore/lib/tscore/TScoreDialog.php on line 187
[10-Apr-2010 15:40:46] PHP Parse error:  syntax error, unexpected T_CONSTANT_ENCAPSED_STRING, expecting ')' in /home/dayan/techscore/lib/tscore/TScorePage.php on line 183
[10-Apr-2010 15:40:58] PHP Catchable fatal error:  Argument 2 passed to TScorePage::__construct() must be an instance of User, none given, called in /home/dayan/techscore/lib/tscore/WelcomePage.php on line 22 and defined in /home/dayan/techscore/lib/tscore/TScorePage.php on line 40
[10-Apr-2010 15:57:37] PHP Fatal error:  Call to undefined method WelcomePage::addMenu() in /home/dayan/techscore/lib/tscore/WelcomePage.php on line 87
[10-Apr-2010 15:57:59] PHP Fatal error:  Call to undefined method Div::add() in /home/dayan/techscore/lib/tscore/WelcomePage.php on line 87
[10-Apr-2010 15:58:14] PHP Fatal error:  Call to undefined method WelcomePage::addContent() in /home/dayan/techscore/lib/tscore/WelcomePage.php on line 105
[10-Apr-2010 15:58:39] PHP Fatal error:  Call to undefined method WelcomePage::addContent() in /home/dayan/techscore/lib/tscore/WelcomePage.php on line 109
[10-Apr-2010 16:03:38] PHP Fatal error:  Cannot redeclare class AbstractPane in /home/dayan/techscore/lib/tscore/AbstractPane.php on line 17
[10-Apr-2010 16:13:10] PHP Fatal error:  Cannot redeclare class AbstractPane in /home/dayan/techscore/lib/tscore/AbstractPane.php on line 17
[10-Apr-2010 16:14:44] PHP Notice:  Foo in /home/dayan/techscore/www/score.php on line 9
[10-Apr-2010 16:14:44] PHP Fatal error:  Cannot redeclare class AbstractPane in /home/dayan/techscore/lib/tscore/AbstractPane.php on line 17
[10-Apr-2010 16:15:02] PHP Fatal error:  Uncaught exception 'Exception' with message 'Foo' in /home/dayan/techscore/www/score.php:9
Stack trace:
#0 {main}
  thrown in /home/dayan/techscore/www/score.php on line 9
[10-Apr-2010 16:15:57] PHP Fatal error:  Cannot redeclare class AbstractPane in /home/dayan/techscore/lib/tscore/AbstractPane.php on line 17
[10-Apr-2010 16:16:16] PHP Parse error:  syntax error, unexpected T_ELSEIF in /home/dayan/techscore/www/score.php on line 60
[10-Apr-2010 16:16:38] PHP Fatal error:  Cannot redeclare class AbstractPane in /home/dayan/techscore/lib/tscore/AbstractPane.php on line 17
[10-Apr-2010 16:19:00] PHP Parse error:  syntax error, unexpected T_ELSE in /home/dayan/techscore/www/score.php on line 63
[10-Apr-2010 16:19:09] PHP Fatal error:  Cannot redeclare class AbstractPane in /home/dayan/techscore/lib/tscore/AbstractPane.php on line 17
[10-Apr-2010 16:19:18] PHP Fatal error:  Cannot redeclare class AbstractPane in /home/dayan/techscore/lib/tscore/AbstractPane.php on line 17
[10-Apr-2010 16:19:21] PHP Fatal error:  Cannot redeclare class AbstractPane in /home/dayan/techscore/lib/tscore/AbstractPane.php on line 17
[10-Apr-2010 16:21:05] PHP Fatal error:  Cannot redeclare class AbstractPane in /home/dayan/techscore/lib/tscore/AbstractPane.php on line 17
[10-Apr-2010 16:21:27] PHP Fatal error:  Cannot redeclare class AbstractPane in /home/dayan/techscore/lib/tscore/AbstractPane.php on line 17
[10-Apr-2010 16:21:53] PHP Fatal error:  Cannot redeclare class AbstractPane in /home/dayan/techscore/lib/tscore/AbstractPane.php on line 17
[10-Apr-2010 16:35:01] PHP Fatal error:  Cannot redeclare class AbstractPane in /home/dayan/techscore/lib/tscore/AbstractPane.php on line 17
[10-Apr-2010 16:39:18] PHP Fatal error:  Cannot redeclare class AbstractPane in /home/dayan/techscore/lib/tscore/AbstractPane.php on line 17
[10-Apr-2010 16:39:30] PHP Fatal error:  Cannot redeclare class AbstractPane in /home/dayan/techscore/lib/tscore/AbstractPane.php on line 17
[10-Apr-2010 16:40:05] PHP Fatal error:  Cannot redeclare class AbstractPane in /home/dayan/techscore/lib/tscore/AbstractPane.php on line 17
[10-Apr-2010 16:40:22] PHP Fatal error:  Cannot redeclare class AbstractPane in /home/dayan/techscore/lib/tscore/AbstractPane.php on line 17
[10-Apr-2010 16:40:53] PHP Fatal error:  Cannot redeclare class AbstractPane in /home/dayan/techscore/lib/tscore/AbstractPane.php on line 17
[10-Apr-2010 16:41:31] PHP Fatal error:  Cannot redeclare class AbstractPane in /home/dayan/techscore/lib/tscore/AbstractPane.php on line 17
[10-Apr-2010 16:42:00] PHP Fatal error:  Cannot redeclare class AbstractPane in /home/dayan/techscore/lib/tscore/AbstractPane.php on line 17
[10-Apr-2010 16:42:10] PHP Fatal error:  Cannot redeclare class AbstractPane in /home/dayan/techscore/lib/tscore/AbstractPane.php on line 17
[10-Apr-2010 16:42:37] PHP Fatal error:  Cannot redeclare class AbstractPane in /home/dayan/techscore/lib/tscore/AbstractPane.php on line 17
[10-Apr-2010 17:38:55] PHP Fatal error:  Undefined class constant 'COMMENTS' in /home/dayan/techscore/lib/regatta/RegattaIO.php on line 70
[10-Apr-2010 17:51:40] PHP Warning:  require_once(../conf.php) [<a href='function.require-once'>function.require-once</a>]: failed to open stream: No such file or directory in /home/dayan/techscore/lib/rpwriter/RpFormWriter.php on line 9
[10-Apr-2010 17:51:40] PHP Fatal error:  require_once() [<a href='function.require'>function.require</a>]: Failed opening required '../conf.php' (include_path='.:/home/dayan/techscore/lib') in /home/dayan/techscore/lib/rpwriter/RpFormWriter.php on line 9
[10-Apr-2010 21:57:27] PHP Warning:  require_once(../conf.php) [<a href='function.require-once'>function.require-once</a>]: failed to open stream: No such file or directory in /home/dayan/techscore/lib/prefs/AbstractPrefsPane.php on line 12
[10-Apr-2010 21:57:27] PHP Fatal error:  require_once() [<a href='function.require'>function.require</a>]: Failed opening required '../conf.php' (include_path='.:/home/dayan/techscore/lib') in /home/dayan/techscore/lib/prefs/AbstractPrefsPane.php on line 12
[10-Apr-2010 22:00:56] PHP Fatal error:  Call to undefined method Div::addMenu() in /home/dayan/techscore/lib/tscore/UserHomePage.php on line 151
[10-Apr-2010 22:03:34] PHP Warning:  require_once(../conf.php) [<a href='function.require-once'>function.require-once</a>]: failed to open stream: No such file or directory in /home/dayan/techscore/lib/prefs/AbstractPrefsPane.php on line 12
[10-Apr-2010 22:03:34] PHP Fatal error:  require_once() [<a href='function.require'>function.require</a>]: Failed opening required '../conf.php' (include_path='.:/home/dayan/techscore/lib') in /home/dayan/techscore/lib/prefs/AbstractPrefsPane.php on line 12
[11-Apr-2010 13:36:36] PHP Fatal error:  Uncaught exception 'InvalidArgumentException' with message 'Argument is not a Cell object' in /home/dayan/techscore/lib/xml/XmlLibrary.php:296
Stack trace:
#0 /home/dayan/techscore/lib/xml/XmlLibrary.php(290): Row->addCell('th')
#1 /home/dayan/techscore/lib/tscore/ScorersPane.php(35): Row->__construct(Object(Cell), Object(Cell), Object(Cell), Object(Cell))
#2 /home/dayan/techscore/lib/tscore/AbstractPane.php(117): ScorersPane->fillHTML(Array)
#3 /home/dayan/techscore/www/score.php(323): AbstractPane->getHTML(Array)
#4 {main}
  thrown in /home/dayan/techscore/lib/xml/XmlLibrary.php on line 296
[11-Apr-2010 13:37:21] PHP Fatal error:  Call to undefined method Utilities::getobjectwithproperty() in /home/dayan/techscore/lib/tscore/ScorersPane.php on line 39
[11-Apr-2010 13:37:33] PHP Fatal error:  Call to undefined method Form::addChld() in /home/dayan/techscore/lib/tscore/ScorersPane.php on line 63
[11-Apr-2010 13:37:41] PHP Fatal error:  Uncaught exception 'InvalidArgumentException' with message 'Argument is not a Cell object' in /home/dayan/techscore/lib/xml/XmlLibrary.php:296
Stack trace:
#0 /home/dayan/techscore/lib/xml/XmlLibrary.php(290): Row->addCell('td')
#1 /home/dayan/techscore/lib/tscore/ScorersPane.php(69): Row->__construct(Object(Cell), Object(Cell), Object(Cell), Object(Cell))
#2 /home/dayan/techscore/lib/tscore/AbstractPane.php(117): ScorersPane->fillHTML(Array)
#3 /home/dayan/techscore/www/score.php(323): AbstractPane->getHTML(Array)
#4 {main}
  thrown in /home/dayan/techscore/lib/xml/XmlLibrary.php on line 296
[11-Apr-2010 13:43:02] PHP Fatal error:  is_host is not a valid HTMLElement in /home/dayan/techscore/lib/xml/XmlLibrary.php on line 57
[11-Apr-2010 15:13:06] PHP Catchable fatal error:  Argument 2 passed to DetailsPane::__construct() must be an instance of Regatta, null given, called in /home/dayan/techscore/www/edit.php on line 49 and defined in /home/dayan/techscore/lib/tscore/DetailsPane.php on line 21
[11-Apr-2010 16:16:49] PHP Fatal error:  Uncaught exception 'InvalidArgumentException' with message 'No race A in regatta 115' in /home/dayan/techscore/lib/regatta/Regatta.php:311
Stack trace:
#0 /home/dayan/techscore/lib/tscore/EnterFinishPane.php(103): Regatta->getRace(Object(Division), NULL)
#1 /home/dayan/techscore/lib/tscore/EnterFinishPane.php(244): EnterFinishPane->fillCombined(Array)
#2 /home/dayan/techscore/lib/tscore/AbstractPane.php(117): EnterFinishPane->fillHTML(Array)
#3 /home/dayan/techscore/www/score.php(323): AbstractPane->getHTML(Array)
#4 {main}
  thrown in /home/dayan/techscore/lib/regatta/Regatta.php on line 311
[11-Apr-2010 16:23:02] PHP Catchable fatal error:  Argument 1 passed to Utilities::makeRange() must be an array, null given, called in /home/dayan/techscore/lib/tscore/EnterFinishPane.php on line 78 and defined in /home/dayan/techscore/lib/regatta/Utilities.php on line 68
[12-Apr-2010 20:59:45] PHP Fatal error:  Class 'UserHomePage' not found in /home/dayan/techscore/www/index.php on line 31
[12-Apr-2010 21:00:45] PHP Catchable fatal error:  Argument 2 passed to UsersPage::__construct() must be an instance of User, null given, called in /home/dayan/techscore/lib/users/UserHomePane.php on line 36 and defined in /home/dayan/techscore/lib/users/UsersPage.php on line 28
[12-Apr-2010 21:01:08] PHP Fatal error:  Call to a member function asAccount() on a non-object in /home/dayan/techscore/lib/users/UserHomePane.php on line 43
[12-Apr-2010 21:01:33] PHP Fatal error:  Call to a member function asAccount() on a non-object in /home/dayan/techscore/lib/users/UserHomePane.php on line 43
[12-Apr-2010 21:21:22] PHP Fatal error:  Uncaught exception 'BadFunctionCallException' with message ': select regatta.id, regatta.name, regatta.start_time, regatta.type,
                  regatta,end_date, regatta.finalized from regatta inner join host on (regatta.id = host.regatta) where host.account = "paez@mit.edu" $limit' in /home/dayan/techscore/lib/regatta/User.php:88
Stack trace:
#0 /home/dayan/techscore/lib/regatta/User.php(163): User->query('select regatta....')
#1 /home/dayan/techscore/lib/users/UserHomePane.php(59): User->getRegattas(0, 10)
#2 /home/dayan/techscore/www/index.php(32): UserHomePane->getHTML(Array)
#3 {main}
  thrown in /home/dayan/techscore/lib/regatta/User.php on line 88
[12-Apr-2010 22:02:51] PHP Fatal error:  Uncaught exception 'InvalidArgumentException' with message 'End index (10) must be greater than start (20).' in /home/dayan/techscore/lib/regatta/User.php:153
Stack trace:
#0 /home/dayan/techscore/lib/users/UserHomePane.php(62): User->getRegattas(20, 10)
#1 /home/dayan/techscore/www/index.php(47): UserHomePane->getHTML(Array)
#2 {main}
  thrown in /home/dayan/techscore/lib/regatta/User.php on line 153
[12-Apr-2010 22:16:50] PHP Fatal error:  Access level to UserHomePane::$USER must be protected (as in class AbstractUserPane) or weaker in /home/dayan/techscore/lib/users/UserHomePane.php on line 14
[12-Apr-2010 22:26:36] PHP Fatal error:  Class UserHomePane contains 1 abstract method and must therefore be declared abstract or implement the remaining methods (AbstractUserPane::process) in /home/dayan/techscore/lib/users/UserHomePane.php on line 14
[12-Apr-2010 23:15:15] PHP Parse error:  syntax error, unexpected '}' in /home/dayan/techscore/lib/users/MessagePane.php on line 31
[12-Apr-2010 23:18:38] PHP Parse error:  syntax error, unexpected '}' in /home/dayan/techscore/lib/users/MessagePane.php on line 39
[12-Apr-2010 23:32:31] PHP Fatal error:  Uncaught exception 'InvalidArgumentException' with message 'Argument is not a Cell object' in /home/dayan/techscore/lib/xml/XmlLibrary.php:296
Stack trace:
#0 /home/dayan/techscore/lib/xml/XmlLibrary.php(290): Row->addCell('th')
#1 /home/dayan/techscore/lib/users/MessagePane.php(57): Row->__construct(Object(Cell), Object(Cell), Object(Cell))
#2 /home/dayan/techscore/lib/users/AbstractUserPane.php(43): MessagePane->fillHTML(Array)
#3 /home/dayan/techscore/www/index.php(51): AbstractUserPane->getHTML(Array)
#4 {main}
  thrown in /home/dayan/techscore/lib/xml/XmlLibrary.php on line 296
[13-Apr-2010 20:54:04] PHP Catchable fatal error:  Argument 1 passed to Preferences::getMessages() must be an instance of Account, instance of User given, called in /home/dayan/techscore/lib/users/MessagePane.php on line 88 and defined in /home/dayan/techscore/lib/regatta/Preferences.php on line 394
[13-Apr-2010 21:52:57] PHP Warning:  Cannot modify header information - headers already sent by (output started at /home/dayan/techscore/www/score.php:9) in /home/dayan/techscore/www/score.php on line 39
[13-Apr-2010 21:53:20] PHP Warning:  Cannot modify header information - headers already sent by (output started at /home/dayan/techscore/www/score.php:9) in /home/dayan/techscore/www/score.php on line 39
[13-Apr-2010 22:26:28] PHP Fatal error:  Hello World is not a valid HTMLElement in /home/dayan/techscore/lib/xml/XmlLibrary.php on line 57
[13-Apr-2010 22:30:04] PHP Fatal error:  Uncaught exception 'InvalidArgumentException' with message 'Argument is not a Cell object' in /home/dayan/techscore/lib/xml/XmlLibrary.php:296
Stack trace:
#0 /home/dayan/techscore/lib/xml/XmlLibrary.php(290): Row->addCell('td')
#1 /home/dayan/techscore/lib/users/MessagePane.php(90): Row->__construct(Object(Cell), Object(Cell), Object(Cell))
#2 /home/dayan/techscore/lib/users/AbstractUserPane.php(43): MessagePane->fillHTML(Array)
#3 /home/dayan/techscore/www/index.php(51): AbstractUserPane->getHTML(Array)
#4 {main}
  thrown in /home/dayan/techscore/lib/xml/XmlLibrary.php on line 296
[14-Apr-2010 22:48:24] PHP Fatal error:  Call to a member function addChild() on a non-object in /home/dayan/techscore/lib/users/UsersPage.php on line 116
[14-Apr-2010 23:16:52] PHP Parse error:  syntax error, unexpected T_IF, expecting T_FUNCTION in /home/dayan/techscore/lib/users/MessagePane.php on line 124
[14-Apr-2010 23:24:43] PHP Warning:  array_shift() [<a href='function.array-shift'>function.array-shift</a>]: The argument should be an array in /home/dayan/techscore/lib/xml/TScorePage.php on line 69
[14-Apr-2010 23:24:43] PHP Catchable fatal error:  Argument 1 passed to TScorePage::addAnnouncement() must be an instance of Announcement, null given, called in /home/dayan/techscore/lib/xml/TScorePage.php on line 69 and defined in /home/dayan/techscore/lib/xml/TScorePage.php on line 211
[14-Apr-2010 23:32:02] PHP Warning:  Missing argument 1 for TScorePage::__construct(), called in /home/dayan/techscore/lib/prefs/AbstractPrefsPane.php on line 48 and defined in /home/dayan/techscore/lib/xml/TScorePage.php on line 36
[14-Apr-2010 23:32:02] PHP Fatal error:  Call to a member function addChild() on a non-object in /home/dayan/techscore/lib/prefs/AbstractPrefsPane.php on line 118
[15-Apr-2010 22:00:41] PHP Warning:  Missing argument 1 for TScorePage::__construct(), called in /home/dayan/techscore/lib/prefs/AbstractPrefsPane.php on line 48 and defined in /home/dayan/techscore/lib/xml/TScorePage.php on line 36
[15-Apr-2010 22:00:41] PHP Fatal error:  Call to a member function addChild() on a non-object in /home/dayan/techscore/lib/prefs/AbstractPrefsPane.php on line 118
[15-Apr-2010 22:01:24] PHP Fatal error:  Call to a member function addChild() on a non-object in /home/dayan/techscore/lib/prefs/AbstractPrefsPane.php on line 119
[15-Apr-2010 22:03:41] PHP Fatal error:  Call to a member function addChild() on a non-object in /home/dayan/techscore/lib/prefs/PrefsHomePane.php on line 30
[15-Apr-2010 22:09:43] PHP Catchable fatal error:  Argument 1 passed to Preferences::getSchoolsInConference() must be an instance of Conference, null given, called in /home/dayan/techscore/lib/prefs/PrefsHomePane.php on line 60 and defined in /home/dayan/techscore/lib/regatta/Preferences.php on line 166
[15-Apr-2010 22:10:55] PHP Parse error:  syntax error, unexpected T_PUBLIC in /home/dayan/techscore/lib/prefs/PrefsHomePane.php on line 77
[15-Apr-2010 22:11:10] PHP Catchable fatal error:  Argument 1 passed to Preferences::getSchoolsInConference() must be an instance of Conference, null given, called in /home/dayan/techscore/lib/prefs/PrefsHomePane.php on line 62 and defined in /home/dayan/techscore/lib/regatta/Preferences.php on line 166
[19-Apr-2010 19:14:17] PHP Fatal error:  Call to a member function addChild() on a non-object in /home/dayan/techscore/lib/prefs/EditLogoPane.php on line 30
[19-Apr-2010 19:15:48] PHP Fatal error:  Call to a member function addChild() on a non-object in /home/dayan/techscore/lib/prefs/EditLogoPane.php on line 30
[19-Apr-2010 19:16:30] PHP Fatal error:  Call to a member function addChild() on a non-object in /home/dayan/techscore/lib/prefs/TeamNamePrefsPane.php on line 30
[19-Apr-2010 19:16:46] PHP Fatal error:  Call to a member function addChild() on a non-object in /home/dayan/techscore/lib/prefs/SailorMergePane.php on line 31
[20-Apr-2010 22:39:44] PHP Fatal error:  Class PendingAccountsPane contains 1 abstract method and must therefore be declared abstract or implement the remaining methods (AbstractUserPane::process) in /home/dayan/techscore/lib/users/admin/PendingAccountsPane.php on line 13
